<?xml version="1.0" encoding="UTF-8"?>
<testsuite xmlns:xsi="http://www.w3.org/2001/XMLSchema-instance" xsi:noNamespaceSchemaLocation="https://maven.apache.org/surefire/maven-surefire-plugin/xsd/surefire-test-report-3.0.xsd" version="3.0" name="zest.AddBinaryTest" time="0.439" tests="19" errors="0" skipped="0" failures="0">
  <properties>
[...]
</properties>
  <testcase name="testAddBinaryArguments(String, String, String)[1]" classname="zest.AddBinaryTest" time="0.152"/>
  <testcase name="testAddBinaryArguments(String, String, String)[2]" classname="zest.AddBinaryTest" time="0.003"/>
  <testcase name="testAddBinaryArguments(String, String, String)[3]" classname="zest.AddBinaryTest" time="0.001"/>
  <testcase name="testAddBinaryArguments(String, String, String)[4]" classname="zest.AddBinaryTest" time="0.004"/>
  <testcase name="testAddBinaryArguments(String, String, String)[5]" classname="zest.AddBinaryTest" time="0.004"/>
  <testcase name="testAddBinaryArguments(String, String, String)[6]" classname="zest.AddBinaryTest" time="0.003"/>
  <testcase name="testAddBinaryArguments(String, String, String)[7]" classname="zest.AddBinaryTest" time="0.007"/>
  <testcase name="testAddBinaryArguments(String, String, String)[8]" classname="zest.AddBinaryTest" time="0.003"/>
  <testcase name="testAddBinaryIllegalarguments(String, String)[1]" classname="zest.AddBinaryTest" time="0.005"/>
  <testcase name="testAddBinaryIllegalarguments(String, String)[2]" classname="zest.AddBinaryTest" time="0.003"/>
  <testcase name="testAddBinaryIllegalarguments(String, String)[3]" classname="zest.AddBinaryTest" time="0.001"/>
  <testcase name="testAddBinaryIllegalarguments(String, String)[4]" classname="zest.AddBinaryTest" time="0.001"/>
  <testcase name="testAddBinaryIllegalarguments(String, String)[5]" classname="zest.AddBinaryTest" time="0.001"/>
  <testcase name="testAddBinaryIllegalarguments(String, String)[6]" classname="zest.AddBinaryTest" time="0.001"/>
  <testcase name="testAddBinaryIllegalarguments(String, String)[7]" classname="zest.AddBinaryTest" time="0.001"/>
  <testcase name="testAddBinaryIllegalarguments(String, String)[8]" classname="zest.AddBinaryTest" time="0.002"/>
  <testcase name="testAddBinaryIllegalarguments(String, String)[9]" classname="zest.AddBinaryTest" time="0.002"/>
  <testcase name="testAddBinaryIllegalarguments(String, String)[10]" classname="zest.AddBinaryTest" time="0.001"/>
  <testcase name="testAddBinaryIllegalarguments(String, String)[11]" classname="zest.AddBinaryTest" time="0.002"/>
</testsuite>